# JRE version: OpenJDK Runtime Environment Temurin-17.0.14+7 (17.0.14+7) (build 17.0.14+7)
# Java VM: OpenJDK 64-Bit Server VM Temurin-17.0.14+7 (17.0.14+7, mixed mode, sharing, tiered, compressed oops, compressed class ptrs, g1 gc, windows-amd64)
GC Precious Log:
 CPUs: 12 total, 12 available
 Memory: 16068M
 Large Page Support: Disabled
 NUMA Support: Disabled
 Compressed Oops: Enabled (Zero based)
 Heap Region Size: 4M
 Heap Min Capacity: 8M
 Heap Initial Capacity: 252M
 Heap Max Capacity: 8G
 Pre-touch: Disabled
 Parallel Workers: 10
 Concurrent Workers: 3
 Concurrent Refinement Workers: 10
 Periodic GC: Disabled
Heap:
 garbage-first heap   total 274432K, used 141339K [0x0000000600000000, 0x0000000800000000)
  region size 4096K, 2 young (8192K), 2 survivors (8192K)
 Metaspace       used 105989K, committed 106688K, reserved 1179648K
  class space    used 13472K, committed 13760K, reserved 1048576K
GC Heap History (20 events):
Event: 14.428 GC heap after
{Heap after GC invocations=27 (full 0):
 garbage-first heap   total 151552K, used 87759K [0x0000000600000000, 0x0000000800000000)
  region size 4096K, 2 young (8192K), 2 survivors (8192K)
 Metaspace       used 90202K, committed 90880K, reserved 1179648K
  class space    used 11520K, committed 11840K, reserved 1048576K
}
Event: 15.191 GC heap before
{Heap before GC invocations=27 (full 0):
 garbage-first heap   total 151552K, used 120527K [0x0000000600000000, 0x0000000800000000)
  region size 4096K, 10 young (40960K), 2 survivors (8192K)
 Metaspace       used 94713K, committed 95360K, reserved 1179648K
  class space    used 11971K, committed 12288K, reserved 1048576K
}
Event: 15.201 GC heap after
{Heap after GC invocations=28 (full 0):
 garbage-first heap   total 151552K, used 89141K [0x0000000600000000, 0x0000000800000000)
  region size 4096K, 2 young (8192K), 2 survivors (8192K)
 Metaspace       used 94713K, committed 95360K, reserved 1179648K
  class space    used 11971K, committed 12288K, reserved 1048576K
}
Event: 15.818 GC heap before
{Heap before GC invocations=29 (full 0):
 garbage-first heap   total 163840K, used 117813K [0x0000000600000000, 0x0000000800000000)
  region size 4096K, 9 young (36864K), 2 survivors (8192K)
 Metaspace       used 98259K, committed 98944K, reserved 1179648K
  class space    used 12367K, committed 12672K, reserved 1048576K
}
Event: 15.823 GC heap after
{Heap after GC invocations=30 (full 0):
 garbage-first heap   total 163840K, used 90100K [0x0000000600000000, 0x0000000800000000)
  region size 4096K, 2 young (8192K), 2 survivors (8192K)
 Metaspace       used 98259K, committed 98944K, reserved 1179648K
  class space    used 12367K, committed 12672K, reserved 1048576K
}
Event: 16.786 GC heap before
{Heap before GC invocations=30 (full 0):
 garbage-first heap   total 163840K, used 131060K [0x0000000600000000, 0x0000000800000000)
  region size 4096K, 12 young (49152K), 2 survivors (8192K)
 Metaspace       used 101881K, committed 102592K, reserved 1179648K
  class space    used 12945K, committed 13248K, reserved 1048576K
}
Event: 16.793 GC heap after
{Heap after GC invocations=31 (full 0):
 garbage-first heap   total 196608K, used 91446K [0x0000000600000000, 0x0000000800000000)
  region size 4096K, 2 young (8192K), 2 survivors (8192K)
 Metaspace       used 101881K, committed 102592K, reserved 1179648K
  class space    used 12945K, committed 13248K, reserved 1048576K
}
Event: 17.169 GC heap before
{Heap before GC invocations=32 (full 0):
 garbage-first heap   total 196608K, used 156982K [0x0000000600000000, 0x0000000800000000)
  region size 4096K, 18 young (73728K), 2 survivors (8192K)
 Metaspace       used 101977K, committed 102656K, reserved 1179648K
  class space    used 12948K, committed 13248K, reserved 1048576K
}
Event: 17.180 GC heap after
{Heap after GC invocations=33 (full 0):
 garbage-first heap   total 196608K, used 108683K [0x0000000600000000, 0x0000000800000000)
  region size 4096K, 3 young (12288K), 3 survivors (12288K)
 Metaspace       used 101977K, committed 102656K, reserved 1179648K
  class space    used 12948K, committed 13248K, reserved 1048576K
}
Event: 17.333 GC heap before
{Heap before GC invocations=33 (full 0):
 garbage-first heap   total 196608K, used 149643K [0x0000000600000000, 0x0000000800000000)
  region size 4096K, 13 young (53248K), 3 survivors (12288K)
 Metaspace       used 102078K, committed 102720K, reserved 1179648K
  class space    used 12948K, committed 13248K, reserved 1048576K
}
Event: 17.346 GC heap after
{Heap after GC invocations=34 (full 0):
 garbage-first heap   total 196608K, used 123326K [0x0000000600000000, 0x0000000800000000)
  region size 4096K, 2 young (8192K), 2 survivors (8192K)
 Metaspace       used 102078K, committed 102720K, reserved 1179648K
  class space    used 12948K, committed 13248K, reserved 1048576K
}
Event: 17.893 GC heap before
{Heap before GC invocations=35 (full 0):
 garbage-first heap   total 233472K, used 151998K [0x0000000600000000, 0x0000000800000000)
  region size 4096K, 9 young (36864K), 2 survivors (8192K)
 Metaspace       used 102633K, committed 103232K, reserved 1179648K
  class space    used 12969K, committed 13248K, reserved 1048576K
}
Event: 17.904 GC heap after
{Heap after GC invocations=36 (full 0):
 garbage-first heap   total 233472K, used 133479K [0x0000000600000000, 0x0000000800000000)
  region size 4096K, 2 young (8192K), 2 survivors (8192K)
 Metaspace       used 102633K, committed 103232K, reserved 1179648K
  class space    used 12969K, committed 13248K, reserved 1048576K
}
Event: 18.946 GC heap before
{Heap before GC invocations=36 (full 0):
 garbage-first heap   total 233472K, used 170343K [0x0000000600000000, 0x0000000800000000)
  region size 4096K, 12 young (49152K), 2 survivors (8192K)
 Metaspace       used 105802K, committed 106496K, reserved 1179648K
  class space    used 13471K, committed 13760K, reserved 1048576K
}
Event: 18.953 GC heap after
{Heap after GC invocations=37 (full 0):
 garbage-first heap   total 233472K, used 137391K [0x0000000600000000, 0x0000000800000000)
  region size 4096K, 1 young (4096K), 1 survivors (4096K)
 Metaspace       used 105802K, committed 106496K, reserved 1179648K
  class space    used 13471K, committed 13760K, reserved 1048576K
}
Event: 19.095 GC heap before
{Heap before GC invocations=38 (full 0):
 garbage-first heap   total 274432K, used 166063K [0x0000000600000000, 0x0000000800000000)
  region size 4096K, 11 young (45056K), 1 survivors (4096K)
 Metaspace       used 105808K, committed 106496K, reserved 1179648K
  class space    used 13471K, committed 13760K, reserved 1048576K
}
Event: 19.108 GC heap after
{Heap after GC invocations=39 (full 0):
 garbage-first heap   total 274432K, used 141679K [0x0000000600000000, 0x0000000800000000)
  region size 4096K, 2 young (8192K), 2 survivors (8192K)
 Metaspace       used 105808K, committed 106496K, reserved 1179648K
  class space    used 13471K, committed 13760K, reserved 1048576K
}
Event: 19.126 GC heap before
{Heap before GC invocations=39 (full 0):
 garbage-first heap   total 274432K, used 145775K [0x0000000600000000, 0x0000000800000000)
  region size 4096K, 3 young (12288K), 2 survivors (8192K)
 Metaspace       used 105816K, committed 106496K, reserved 1179648K
  class space    used 13472K, committed 13760K, reserved 1048576K
}
Event: 19.136 GC heap after
{Heap after GC invocations=40 (full 0):
 garbage-first heap   total 274432K, used 121355K [0x0000000600000000, 0x0000000800000000)
  region size 4096K, 1 young (4096K), 1 survivors (4096K)
 Metaspace       used 105816K, committed 106496K, reserved 1179648K
  class space    used 13472K, committed 13760K, reserved 1048576K
}
Event: 19.433 GC heap before
{Heap before GC invocations=40 (full 0):
 garbage-first heap   total 274432K, used 178699K [0x0000000600000000, 0x0000000800000000)
  region size 4096K, 15 young (61440K), 1 survivors (4096K)
 Metaspace       used 105989K, committed 106688K, reserved 1179648K
  class space    used 13472K, committed 13760K, reserved 1048576K
}

